/esat/micas-data/software/synopsys_2016.12/auxx/gui/dv/dv_setup.tcl
/esat/micas-data/software/synopsys_2016.12/auxx/gui/syn/snpsSynProcs.tcl
/esat/micas-data/software/synopsys_2016.12/auxx/gui/syn/layout/pkgIndex.tcl
/esat/micas-data/software/synopsys_2016.12/auxx/gui/common/layout/pkgIndex.tcl
/esat/micas-data/software/synopsys_2016.12/auxx/gui/common/misc/pkgIndex.tcl
/esat/micas-data/software/synopsys_2016.12/auxx/gui/common/opdlg/pkgIndex.tcl
/esat/micas-data/software/synopsys_2016.12/auxx/gui/common/mrupalette/pkgIndex.tcl
/esat/micas-data/software/synopsys_2016.12/auxx/gui/common/pathinspector/pkgIndex.tcl
/esat/micas-data/software/synopsys_2016.12/auxx/gui/common/select/pkgIndex.tcl
/esat/micas-data/software/synopsys_2016.12/auxx/gui/common/setup/pkgIndex.tcl
/esat/micas-data/software/synopsys_2016.12/auxx/gui/common/tcl-dp/pkgIndex.tcl
/esat/micas-data/software/synopsys_2016.12/auxx/gui/common/highlight/pkgIndex.tcl
/esat/micas-data/software/synopsys_2016.12/auxx/gui/common/tq/pkgIndex.tcl
/esat/micas-data/software/synopsys_2016.12/auxx/gui/common/histogram/pkgIndex.tcl
/esat/micas-data/software/synopsys_2016.12/auxx/gui/common/commandform/pkgIndex.tcl
/esat/micas-data/software/synopsys_2016.12/auxx/gui/common/hierarchy/pkgIndex.tcl
/esat/micas-data/software/synopsys_2016.12/auxx/gui/common/libviewer/pkgIndex.tcl
/esat/micas-data/software/synopsys_2016.12/auxx/gui/common/fanoutviewer/pkgIndex.tcl
/esat/micas-data/software/synopsys_2016.12/auxx/gui/common/docBrowser/pkgIndex.tcl
/esat/micas-data/software/synopsys_2016.12/auxx/gui/common/menus/pkgIndex.tcl
/esat/micas-data/software/synopsys_2016.12/auxx/gui/common/profiler/pkgIndex.tcl
/esat/micas-data/software/synopsys_2016.12/auxx/gui/common/qtcl/pkgIndex.tcl
/esat/micas-data/software/synopsys_2016.12/auxx/gui/common/view/pkgIndex.tcl
/esat/micas-data/software/synopsys_2016.12/auxx/gui/common/acg/pkgIndex.tcl
/esat/micas-data/software/synopsys_2016.12/auxx/gui/common/schematic/pkgIndex.tcl
/esat/micas-data/software/synopsys_2016.12/auxx/gui/common/dialogs/pkgIndex.tcl
/esat/micas-data/software/synopsys_2016.12/auxx/gui/common/tiledview/pkgIndex.tcl
/esat/micas-data/software/synopsys_2016.12/auxx/gui/common/timing/pkgIndex.tcl
/esat/micas-data/software/synopsys_2016.12/auxx/gui/common/table/pkgIndex.tcl
/esat/micas-data/software/synopsys_2016.12/auxx/gui/common/WindowFrameWork/pkgIndex.tcl
/esat/micas-data/software/synopsys_2016.12/auxx/gui/common/regressionToolkit/pkgIndex.tcl
/esat/micas-data/software/synopsys_2016.12/auxx/gui/common/palettegroup/pkgIndex.tcl
/esat/micas-data/software/synopsys_2016.12/auxx/gui/common/strokes/pkgIndex.tcl
/esat/micas-data/software/synopsys_2016.12/auxx/gui/dv/pkgIndex.tcl
/esat/micas-data/software/synopsys_2016.12/auxx/syn/lib/pkgIndex.tcl
/esat/micas-data/software/synopsys_2016.12/auxx/tcllib/lib/iwidgets4.1/pkgIndex.tcl
/esat/micas-data/software/synopsys_2016.12/auxx/tcllib/snps_tcl/snpsUtils/pkgIndex.tcl
/esat/micas-data/software/synopsys_2016.12/auxx/tcllib/snps_tcl/snpsTest/pkgIndex.tcl
/esat/micas-data/software/synopsys_2016.12/auxx/tcllib/snps_tcl/snpsTclPro/pkgIndex.tcl
/esat/micas-data/software/synopsys_2016.12/auxx/tcllib/snps_tcl/pkgIndex.tcl
/esat/micas-data/software/synopsys_2016.12/auxx/tcllib/lib/tcl8.6/platform/pkgIndex.tcl
/esat/micas-data/software/synopsys_2016.12/auxx/tcllib/lib/tcl8.6/dde/pkgIndex.tcl
/esat/micas-data/software/synopsys_2016.12/auxx/tcllib/lib/tcl8.6/reg/pkgIndex.tcl
/esat/micas-data/software/synopsys_2016.12/auxx/tcllib/lib/tcl8.6/http/pkgIndex.tcl
/esat/micas-data/software/synopsys_2016.12/auxx/tcllib/lib/tcl8.6/msgcat/pkgIndex.tcl
/esat/micas-data/software/synopsys_2016.12/auxx/tcllib/lib/tcl8.6/tcltest/pkgIndex.tcl
/esat/micas-data/software/synopsys_2016.12/auxx/tcllib/lib/tcl8.6/http1.0/pkgIndex.tcl
/esat/micas-data/software/synopsys_2016.12/auxx/tcllib/lib/tcl8.6/opt/pkgIndex.tcl
/esat/micas-data/software/synopsys_2016.12/auxx/gui/common/setup/snpsCommonSetup.tcl
/esat/micas-data/software/synopsys_2016.12/auxx/gui/common/setup/snpsCustomize.tcl
/esat/micas-data/software/synopsys_2016.12/auxx/gui/common/setup/snpsProcheck.tcl
/esat/micas-data/software/synopsys_2016.12/auxx/gui/common/qtcl/.synopsys_qtcl.tcl
/esat/micas-data/software/synopsys_2016.12/auxx/gui/common/highlight/highlight.tcl
/esat/micas-data/software/synopsys_2016.12/auxx/gui/common/misc/base.tcl
/esat/micas-data/software/synopsys_2016.12/auxx/gui/common/misc/timing.tcl
/esat/micas-data/software/synopsys_2016.12/auxx/gui/common/misc/setting.tcl
/esat/micas-data/software/synopsys_2016.12/auxx/gui/common/misc/preset.tcl
/esat/micas-data/software/synopsys_2016.12/auxx/gui/common/WindowFrameWork/windowFrameWork.tcl
/esat/micas-data/software/synopsys_2016.12/auxx/gui/common/WindowFrameWork/skipBusyCursorCmdList.tcl
/esat/micas-data/software/synopsys_2016.12/auxx/gui/common/docBrowser/docBrowser.tcl
/esat/micas-data/software/synopsys_2016.12/auxx/tcllib/snps_tcl/snpsUtils/snpsUtils.tcl
/esat/micas-data/software/synopsys_2016.12/auxx/gui/common/dialogs/ObjectChooser.tcl
/esat/micas-data/software/synopsys_2016.12/auxx/gui/common/misc/DialogObjectChooser.tcl
/esat/micas-data/software/synopsys_2016.12/auxx/gui/common/dialogs/HistBinInformation.tcl
/esat/micas-data/software/synopsys_2016.12/auxx/gui/common/dialogs/HistBin1Information.tcl
/esat/micas-data/software/synopsys_2016.12/auxx/gui/common/dialogs/BinsOnlyInformation.tcl
/esat/micas-data/software/synopsys_2016.12/auxx/gui/common/dialogs/FileChooser.tcl
/esat/micas-data/software/synopsys_2016.12/auxx/gui/common/dialogs/PathPinSimpleInfo.tcl
/esat/micas-data/software/synopsys_2016.12/auxx/gui/common/dialogs/PathsBasicInfo.tcl
/esat/micas-data/software/synopsys_2016.12/auxx/gui/common/dialogs/PathsBasicSimpleInfo.tcl
/esat/micas-data/software/synopsys_2016.12/auxx/gui/common/dialogs/SlctOperationInfo.tcl
/esat/micas-data/software/synopsys_2016.12/auxx/gui/common/dialogs/ObjectListInfo.tcl
/esat/micas-data/software/synopsys_2016.12/auxx/gui/common/dialogs/FanInOutInfo.tcl
/esat/micas-data/software/synopsys_2016.12/auxx/gui/common/dialogs/NumberOfLevelsChooser.tcl
/esat/micas-data/software/synopsys_2016.12/auxx/gui/common/dialogs/WindowReuseInfo.tcl
/esat/micas-data/software/synopsys_2016.12/auxx/gui/common/dialogs/ReportOutputOptionInfo.tcl
/esat/micas-data/software/synopsys_2016.12/auxx/gui/common/setup/snpsCollections.tcl
/esat/micas-data/software/synopsys_2016.12/auxx/gui/common/dialogs/CompileLinkDesign.tcl
/esat/micas-data/software/synopsys_2016.12/auxx/gui/common/histogram/DialogEndpointSlack.tcl
/esat/micas-data/software/synopsys_2016.12/auxx/gui/common/histogram/DialogPathsSlack.tcl
/esat/micas-data/software/synopsys_2016.12/auxx/gui/common/histogram/DialogNetCapacitance.tcl
/esat/micas-data/software/synopsys_2016.12/auxx/gui/common/schematic/DialogPathSchematicFanInOut.tcl
/esat/micas-data/software/synopsys_2016.12/auxx/gui/common/schematic/DialogPathSchematicAddPaths.tcl
/users/micas/giraldo/Computer_Architecture/Processor_0_singlecycle/SYNTHESIS/synth.tcl
/users/micas/giraldo/Computer_Architecture/Processor_0_singlecycle/SYNTHESIS/designlist.tcl
/users/micas/giraldo/Computer_Architecture/Processor_0_singlecycle/RTL/alu.v
/users/micas/micas/design/generic/synopsys_32nm/SAED32_EDK/lib/sram/db_ccs/saed32sram_tt1p05v25c.db
/users/micas/micas/design/generic/synopsys_32nm/SAED32_EDK/lib/stdcell_rvt/db_ccs/saed32rvt_tt1p05v25c.db
/esat/micas-data/software/synopsys_2016.12/libraries/syn/dw_foundation.sldb
/users/micas/giraldo/Computer_Architecture/Processor_0_singlecycle/RTL/alu_control.v
/users/micas/giraldo/Computer_Architecture/Processor_0_singlecycle/RTL/branch_unit.v
/users/micas/giraldo/Computer_Architecture/Processor_0_singlecycle/RTL/control_unit.v
/users/micas/giraldo/Computer_Architecture/Processor_0_singlecycle/RTL/cpu.v
/users/micas/giraldo/Computer_Architecture/Processor_0_singlecycle/RTL/mux_2.v
/users/micas/giraldo/Computer_Architecture/Processor_0_singlecycle/RTL/pc.v
/users/micas/giraldo/Computer_Architecture/Processor_0_singlecycle/RTL/reg_arstn.v
/users/micas/giraldo/Computer_Architecture/Processor_0_singlecycle/RTL/reg_arstn_en.v
/users/micas/giraldo/Computer_Architecture/Processor_0_singlecycle/RTL/register_file.v
/users/micas/giraldo/Computer_Architecture/Processor_0_singlecycle/RTL/sram.v
/esat/micas-data/software/synopsys_2016.12/libraries/syn/gtech.db
/esat/micas-data/software/synopsys_2016.12/libraries/syn/standard.sldb
/users/micas/giraldo/Computer_Architecture/Processor_0_singlecycle/SYNTHESIS/design_constraints.sdc
/users/micas/giraldo/synopsys_cache_M-2016.12-SP2/DW01/DW01_add/rpl/32/generic_5019/element.ddc
/users/micas/giraldo/synopsys_cache_M-2016.12-SP2/DW01/DW_leftsh/astr/32/5/saed32sram_tt1p05v25c_980/8167_8167/mapped.ddc
/users/micas/giraldo/synopsys_cache_M-2016.12-SP2/DW01/DW_rightsh/astr/32/5/saed32sram_tt1p05v25c_980/8167_8167/mapped.ddc
/users/micas/giraldo/synopsys_cache_M-2016.12-SP2/DW01/DW01_sub/rpl/32/generic_5019/element.ddc
/users/micas/giraldo/synopsys_cache_M-2016.12-SP2/DW01/DW01_cmp2/rpl/32/generic_5019/element.ddc
/users/micas/micas/design/generic/synopsys_32nm/SAED32_EDK/lib/sram/db_ccs/saed32sram_tt1p05v25c.db
/users/micas/giraldo/Computer_Architecture/Processor_0_singlecycle/SYNTHESIS/alib-52/saed32sram_tt1p05v25c.db.alib
/users/micas/micas/design/generic/synopsys_32nm/SAED32_EDK/lib/stdcell_rvt/db_ccs/saed32rvt_tt1p05v25c.db
/users/micas/giraldo/Computer_Architecture/Processor_0_singlecycle/SYNTHESIS/alib-52/saed32rvt_tt1p05v25c.db.alib
/users/micas/micas/design/generic/synopsys_32nm/SAED32_EDK/lib/sram/db_ccs/saed32sram_tt1p05v25c.db
/users/micas/micas/design/generic/synopsys_32nm/SAED32_EDK/lib/stdcell_rvt/db_ccs/saed32rvt_tt1p05v25c.db
/users/micas/giraldo/Computer_Architecture/Processor_0_singlecycle/SYNTHESIS/alib-52/saed32sram_tt1p05v25c.db.alib
/users/micas/giraldo/Computer_Architecture/Processor_0_singlecycle/SYNTHESIS/alib-52/saed32rvt_tt1p05v25c.db.alib
